28598 INFO: checking PYZ
28598 INFO: Building PYZ because PYZ-00.toc is non existent
28598 INFO: Building PYZ (ZlibArchive) D:\projects\local_aI\build\LocalAI Assistant\PYZ-00.pyz
29330 INFO: Building PYZ (ZlibArchive) D:\projects\local_aI\build\LocalAI Assistant\PYZ-00.pyz completed successfully.
29352 INFO: checking PKG
29352 INFO: Building PKG because PKG-00.toc is non existent
29352 INFO: Building PKG (CArchive) LocalAI Assistant.pkg
42302 INFO: Building PKG (CArchive) LocalAI Assistant.pkg completed successfully.
42305 INFO: Bootloader C:\Users\chandan\AppData\Roaming\Python\Python313\site-packages\PyInstaller\bootloader\Windows-64bit-intel\runw.exe
42305 INFO: checking EXE
42305 INFO: Building EXE because EXE-00.toc is non existent
42305 INFO: Building EXE from EXE-00.toc
42305 INFO: Copying bootloader EXE to D:\projects\local_aI\dist\LocalAI Assistant.exe
42340 INFO: Copying icon to EXE
42363 INFO: Copying 0 resources to EXE
42363 INFO: Embedding manifest in EXE
43207 INFO: Appending PKG archive to EXE
43242 INFO: Fixing EXE headers
47718 INFO: Building EXE from EXE-00.toc completed successfully.
47721 INFO: Build complete! The results are available in: D:\projects\local_aI\dist
Running: C:\Python313\python.exe -m PyInstaller --name LocalAI Assistant --onefile --windowed --icon D:\projects\local_aI\app\resources\icon.ico --add-data D:\projects\local_aI\app\ui\style.qss;app/ui --add-data D:\projects\local_aI\app\resources;app/resources --noconfirm D:\projects\local_aI\app\main.py

Build complete: D:\projects\local_aI\dist\LocalAI Assistant.exe
Double-click it to run the app — no Python or terminal required.
Run `python make_shortcut.py` to add a Desktop/Start Menu shortcut with the app icon.
